14:29:23,378  INFO ExistNewFileMsg:42 - Iniciando la aplicación...
14:29:23,417  INFO ExistNewFileMsg:45 - Leyendo properties...
14:29:23,417  INFO ExistNewFileMsg:51 - Comprobando si está activo el proceso...
14:29:23,417  INFO ExistNewFileMsg:58 - Buscamos los ficheros uno a uno...
14:29:23,417  INFO ExistNewFileMsg:65 - Validando patrón de ficheros...
14:29:23,417  INFO ExistNewFileMsg:71 - Comprobamos si hay que enviar el e-mail...
14:29:23,593  INFO ExistNewFileMsg:79 - No hay que enviar el e-mail: \\andromeda\TgtFiles\Extracciones_Siebel\AVIVA_VT050013.DAT;25/05/2014 22:03
14:29:23,593  INFO ExistNewFileMsg:65 - Validando patrón de ficheros...
14:29:23,614  INFO ExistNewFileMsg:71 - Comprobamos si hay que enviar el e-mail...
14:29:23,798  INFO ExistNewFileMsg:79 - No hay que enviar el e-mail: \\andromeda\TgtFiles\Extracciones_Siebel\AVIVA_VT050052.DAT
14:29:23,798  INFO ExistNewFileMsg:65 - Validando patrón de ficheros...
14:29:23,799  INFO ExistNewFileMsg:71 - Comprobamos si hay que enviar el e-mail...
14:29:23,988  INFO ExistNewFileMsg:79 - No hay que enviar el e-mail: \\andromeda\TgtFiles\Extracciones_Siebel\AVIVA_VT250001.DAT
14:29:23,988  INFO ExistNewFileMsg:65 - Validando patrón de ficheros...
14:29:23,988  INFO ExistNewFileMsg:71 - Comprobamos si hay que enviar el e-mail...
14:29:24,201  INFO ExistNewFileMsg:79 - No hay que enviar el e-mail: \\andromeda\TgtFiles\Extracciones_Siebel\VT050052_COLEC.DAT
14:29:24,204  INFO ExistNewFileMsg:82 - Fin de la ejecución.
14:30:52,639  INFO ExistNewFileMsg:42 - ------Iniciando la aplicación...
14:30:52,641  INFO ExistNewFileMsg:45 - Leyendo properties...
14:30:52,641  INFO ExistNewFileMsg:51 - Comprobando si está activo el proceso...
14:30:52,641  INFO ExistNewFileMsg:58 - Buscamos los ficheros uno a uno...
14:30:52,642  INFO ExistNewFileMsg:65 - Validando patrón de ficheros...
14:30:52,642  INFO ExistNewFileMsg:71 - Comprobamos si hay que enviar el e-mail...
14:30:52,838  INFO ExistNewFileMsg:79 - No hay que enviar el e-mail: \\andromeda\TgtFiles\Extracciones_Siebel\AVIVA_VT050013.DAT;25/05/2014 22:03
14:30:52,838  INFO ExistNewFileMsg:65 - Validando patrón de ficheros...
14:30:52,839  INFO ExistNewFileMsg:71 - Comprobamos si hay que enviar el e-mail...
14:30:53,045  INFO ExistNewFileMsg:79 - No hay que enviar el e-mail: \\andromeda\TgtFiles\Extracciones_Siebel\AVIVA_VT050052.DAT
14:30:53,045  INFO ExistNewFileMsg:65 - Validando patrón de ficheros...
14:30:53,045  INFO ExistNewFileMsg:71 - Comprobamos si hay que enviar el e-mail...
14:30:53,249  INFO ExistNewFileMsg:79 - No hay que enviar el e-mail: \\andromeda\TgtFiles\Extracciones_Siebel\AVIVA_VT250001.DAT
14:30:53,249  INFO ExistNewFileMsg:65 - Validando patrón de ficheros...
14:30:53,249  INFO ExistNewFileMsg:71 - Comprobamos si hay que enviar el e-mail...
14:30:53,420  INFO ExistNewFileMsg:79 - No hay que enviar el e-mail: \\andromeda\TgtFiles\Extracciones_Siebel\VT050052_COLEC.DAT
14:30:53,422  INFO ExistNewFileMsg:82 - ------Fin de la ejecución.
